GROUP,PACKAGE,CLASS,INSTRUCTION_MISSED,INSTRUCTION_COVERED,BRANCH_MISSED,BRANCH_COVERED,LINE_MISSED,LINE_COVERED,COMPLEXITY_MISSED,COMPLEXITY_COVERED,METHOD_MISSED,METHOD_COVERED
AccountSystemLogic,za.ac.nwu.ac.logic.config,LogicConfig,3,0,0,0,1,0,1,0,1,0
AccountSystemLogic,za.ac.nwu.ac.logic.flow.impl,CreateAccountTypeFlowImpl,0,19,0,0,0,6,0,3,0,3
AccountSystemLogic,za.ac.nwu.ac.logic.flow.impl,FetchMemberFlowImpl,0,23,0,0,0,7,0,4,0,4
AccountSystemLogic,za.ac.nwu.ac.logic.flow.impl,CreateMemberFlowImpl,0,27,1,1,0,8,1,3,0,3
AccountSystemLogic,za.ac.nwu.ac.logic.flow.impl,FetchAccountTypeFlowImpl,0,23,0,0,0,7,0,4,0,4
AccountSystemLogic,za.ac.nwu.ac.logic.flow.impl,ModifyMemberFlowImpl,4,64,2,2,2,10,2,4,0,4
