GROUP,PACKAGE,CLASS,INSTRUCTION_MISSED,INSTRUCTION_COVERED,BRANCH_MISSED,BRANCH_COVERED,LINE_MISSED,LINE_COVERED,COMPLEXITY_MISSED,COMPLEXITY_COVERED,METHOD_MISSED,METHOD_COVERED
AccountSystemLogic,za.ac.nwu.ac.logic.config,LogicConfig,3,0,0,0,1,0,1,0,1,0
AccountSystemLogic,za.ac.nwu.ac.logic.flow.impl,CreateAccountTypeFlowImpl,0,18,1,1,0,6,1,2,0,2
AccountSystemLogic,za.ac.nwu.ac.logic.flow.impl,FetchMemberFlowImpl,0,15,0,0,0,5,0,3,0,3
AccountSystemLogic,za.ac.nwu.ac.logic.flow.impl,FetchAccountTypeFlowImpl,0,15,0,0,0,5,0,3,0,3
AccountSystemLogic,za.ac.nwu.ac.logic.flow.impl,CreateAccountTransactionFlowImpl,3,0,0,0,1,0,1,0,1,0
AccountSystemLogic,za.ac.nwu.ac.logic.flow.impl,FetchAccountTransactionFlowImpl,7,0,0,0,3,0,3,0,3,0
AccountSystemLogic,za.ac.nwu.ac.logic.flow.impl,CreateMemberFlowImpl,0,19,1,1,0,6,1,2,0,2
AccountSystemLogic,za.ac.nwu.ac.logic.flow.impl,ModifyMemberFlowImpl,0,18,0,0,0,5,0,3,0,3
